# JRE version: OpenJDK Runtime Environment (17.0.6) (build 17.0.6+0-b2043.56-9586694)
# Java VM: OpenJDK 64-Bit Server VM (17.0.6+0-b2043.56-9586694, mixed mode, tiered, compressed oops, compressed class ptrs, g1 gc, windows-amd64)
GC Precious Log:
 CPUs: 8 total, 8 available
 Memory: 16263M
 Large Page Support: Disabled
 NUMA Support: Disabled
 Compressed Oops: Enabled (32-bit)
 Heap Region Size: 1M
 Heap Min Capacity: 8M
 Heap Initial Capacity: 256M
 Heap Max Capacity: 2G
 Pre-touch: Disabled
 Parallel Workers: 8
 Concurrent Workers: 2
 Concurrent Refinement Workers: 8
 Periodic GC: Disabled
Heap:
 garbage-first heap   total 342016K, used 225001K [0x0000000080000000, 0x0000000100000000)
  region size 1024K, 37 young (37888K), 5 survivors (5120K)
 Metaspace       used 103937K, committed 104704K, reserved 1146880K
  class space    used 13913K, committed 14272K, reserved 1048576K
GC Heap History (20 events):
Event: 28.153 GC heap before
{Heap before GC invocations=67 (full 0):
 garbage-first heap   total 277504K, used 215776K [0x0000000080000000, 0x0000000100000000)
  region size 1024K, 36 young (36864K), 1 survivors (1024K)
 Metaspace       used 94122K, committed 94848K, reserved 1130496K
  class space    used 12712K, committed 13056K, reserved 1048576K
}
Event: 28.158 GC heap after
{Heap after GC invocations=68 (full 0):
 garbage-first heap   total 277504K, used 183264K [0x0000000080000000, 0x0000000100000000)
  region size 1024K, 4 young (4096K), 4 survivors (4096K)
 Metaspace       used 94122K, committed 94848K, reserved 1130496K
  class space    used 12712K, committed 13056K, reserved 1048576K
}
Event: 28.490 GC heap before
{Heap before GC invocations=69 (full 0):
 garbage-first heap   total 324608K, used 234464K [0x0000000080000000, 0x0000000100000000)
  region size 1024K, 52 young (53248K), 4 survivors (4096K)
 Metaspace       used 94531K, committed 95232K, reserved 1138688K
  class space    used 12734K, committed 13056K, reserved 1048576K
}
Event: 28.495 GC heap after
{Heap after GC invocations=70 (full 0):
 garbage-first heap   total 324608K, used 188197K [0x0000000080000000, 0x0000000100000000)
  region size 1024K, 7 young (7168K), 7 survivors (7168K)
 Metaspace       used 94531K, committed 95232K, reserved 1138688K
  class space    used 12734K, committed 13056K, reserved 1048576K
}
Event: 28.532 GC heap before
{Heap before GC invocations=70 (full 0):
 garbage-first heap   total 324608K, used 196389K [0x0000000080000000, 0x0000000100000000)
  region size 1024K, 15 young (15360K), 7 survivors (7168K)
 Metaspace       used 94531K, committed 95232K, reserved 1138688K
  class space    used 12734K, committed 13056K, reserved 1048576K
}
Event: 28.537 GC heap after
{Heap after GC invocations=71 (full 0):
 garbage-first heap   total 324608K, used 188518K [0x0000000080000000, 0x0000000100000000)
  region size 1024K, 1 young (1024K), 1 survivors (1024K)
 Metaspace       used 94531K, committed 95232K, reserved 1138688K
  class space    used 12734K, committed 13056K, reserved 1048576K
}
Event: 28.795 GC heap before
{Heap before GC invocations=71 (full 0):
 garbage-first heap   total 324608K, used 256102K [0x0000000080000000, 0x0000000100000000)
  region size 1024K, 67 young (68608K), 1 survivors (1024K)
 Metaspace       used 94533K, committed 95232K, reserved 1138688K
  class space    used 12734K, committed 13056K, reserved 1048576K
}
Event: 28.797 GC heap after
{Heap after GC invocations=72 (full 0):
 garbage-first heap   total 324608K, used 187916K [0x0000000080000000, 0x0000000100000000)
  region size 1024K, 1 young (1024K), 1 survivors (1024K)
 Metaspace       used 94533K, committed 95232K, reserved 1138688K
  class space    used 12734K, committed 13056K, reserved 1048576K
}
Event: 29.126 GC heap before
{Heap before GC invocations=73 (full 0):
 garbage-first heap   total 342016K, used 259596K [0x0000000080000000, 0x0000000100000000)
  region size 1024K, 71 young (72704K), 1 survivors (1024K)
 Metaspace       used 94539K, committed 95232K, reserved 1138688K
  class space    used 12736K, committed 13056K, reserved 1048576K
}
Event: 29.127 GC heap after
{Heap after GC invocations=74 (full 0):
 garbage-first heap   total 342016K, used 187976K [0x0000000080000000, 0x0000000100000000)
  region size 1024K, 1 young (1024K), 1 survivors (1024K)
 Metaspace       used 94539K, committed 95232K, reserved 1138688K
  class space    used 12736K, committed 13056K, reserved 1048576K
}
Event: 29.174 GC heap before
{Heap before GC invocations=74 (full 0):
 garbage-first heap   total 342016K, used 203336K [0x0000000080000000, 0x0000000100000000)
  region size 1024K, 16 young (16384K), 1 survivors (1024K)
 Metaspace       used 94552K, committed 95296K, reserved 1138688K
  class space    used 12736K, committed 13056K, reserved 1048576K
}
Event: 29.176 GC heap after
{Heap after GC invocations=75 (full 0):
 garbage-first heap   total 342016K, used 187259K [0x0000000080000000, 0x0000000100000000)
  region size 1024K, 1 young (1024K), 1 survivors (1024K)
 Metaspace       used 94552K, committed 95296K, reserved 1138688K
  class space    used 12736K, committed 13056K, reserved 1048576K
}
Event: 31.120 GC heap before
{Heap before GC invocations=75 (full 0):
 garbage-first heap   total 342016K, used 285563K [0x0000000080000000, 0x0000000100000000)
  region size 1024K, 84 young (86016K), 1 survivors (1024K)
 Metaspace       used 100809K, committed 101568K, reserved 1138688K
  class space    used 13604K, committed 13952K, reserved 1048576K
}
Event: 31.128 GC heap after
{Heap after GC invocations=76 (full 0):
 garbage-first heap   total 342016K, used 193931K [0x0000000080000000, 0x0000000100000000)
  region size 1024K, 3 young (3072K), 3 survivors (3072K)
 Metaspace       used 100809K, committed 101568K, reserved 1138688K
  class space    used 13604K, committed 13952K, reserved 1048576K
}
Event: 35.349 GC heap before
{Heap before GC invocations=77 (full 0):
 garbage-first heap   total 342016K, used 269707K [0x0000000080000000, 0x0000000100000000)
  region size 1024K, 85 young (87040K), 3 survivors (3072K)
 Metaspace       used 101685K, committed 102464K, reserved 1138688K
  class space    used 13653K, committed 14016K, reserved 1048576K
}
Event: 35.355 GC heap after
{Heap after GC invocations=78 (full 0):
 garbage-first heap   total 342016K, used 190444K [0x0000000080000000, 0x0000000100000000)
  region size 1024K, 7 young (7168K), 7 survivors (7168K)
 Metaspace       used 101685K, committed 102464K, reserved 1138688K
  class space    used 13653K, committed 14016K, reserved 1048576K
}
Event: 35.979 GC heap before
{Heap before GC invocations=78 (full 0):
 garbage-first heap   total 342016K, used 198636K [0x0000000080000000, 0x0000000100000000)
  region size 1024K, 16 young (16384K), 7 survivors (7168K)
 Metaspace       used 101707K, committed 102464K, reserved 1138688K
  class space    used 13653K, committed 14016K, reserved 1048576K
}
Event: 35.984 GC heap after
{Heap after GC invocations=79 (full 0):
 garbage-first heap   total 342016K, used 189889K [0x0000000080000000, 0x0000000100000000)
  region size 1024K, 1 young (1024K), 1 survivors (1024K)
 Metaspace       used 101707K, committed 102464K, reserved 1138688K
  class space    used 13653K, committed 14016K, reserved 1048576K
}
Event: 40.876 GC heap before
{Heap before GC invocations=79 (full 0):
 garbage-first heap   total 342016K, used 277953K [0x0000000080000000, 0x0000000100000000)
  region size 1024K, 88 young (90112K), 1 survivors (1024K)
 Metaspace       used 102724K, committed 103424K, reserved 1138688K
  class space    used 13745K, committed 14080K, reserved 1048576K
}
Event: 40.881 GC heap after
{Heap after GC invocations=80 (full 0):
 garbage-first heap   total 342016K, used 193257K [0x0000000080000000, 0x0000000100000000)
  region size 1024K, 5 young (5120K), 5 survivors (5120K)
 Metaspace       used 102724K, committed 103424K, reserved 1138688K
  class space    used 13745K, committed 14080K, reserved 1048576K
}

